<?xml version="1.0" encoding="UTF-8"?>
<testng-results skipped="0" failed="0" ignored="0" total="1" passed="1">
  <reporter-output>
  </reporter-output>
  <suite name="InetBankingV1" duration-ms="46340" started-at="2022-03-04T19:03:37 PST" finished-at="2022-03-04T19:04:24 PST">
    <groups>
    </groups>
    <test name="BankingApp Test" duration-ms="46340" started-at="2022-03-04T19:03:37 PST" finished-at="2022-03-04T19:04:24 PST">
      <class name="com.inetbanking.testCases.LoginTest_001">
        <test-method status="PASS" signature="BeforeSuite()[pri:0, instance:com.inetbanking.testCases.LoginTest_001@23d2a7e8]" name="BeforeSuite" is-config="true" duration-ms="2761" started-at="2022-03-04T19:03:35 PST" finished-at="2022-03-04T19:03:37 PST">
          <reporter-output>
          </reporter-output>
        </test-method> <!-- BeforeSuite -->
        <test-method status="PASS" signature="setup(java.lang.String)[pri:0, instance:com.inetbanking.testCases.LoginTest_001@23d2a7e8]" name="setup" is-config="true" duration-ms="38054" started-at="2022-03-04T19:03:38 PST" finished-at="2022-03-04T19:04:16 PST">
          <params>
            <param index="0">
              <value>
                <![CDATA[chrome]]>
              </value>
            </param>
          </params>
          <reporter-output>
          </reporter-output>
        </test-method> <!-- setup -->
        <test-method status="PASS" signature="loginTest()[pri:0, instance:com.inetbanking.testCases.LoginTest_001@23d2a7e8]" name="loginTest" duration-ms="7501" started-at="2022-03-04T19:04:16 PST" finished-at="2022-03-04T19:04:23 PST">
          <reporter-output>
          </reporter-output>
        </test-method> <!-- loginTest -->
        <test-method status="PASS" signature="teardown()[pri:0, instance:com.inetbanking.testCases.LoginTest_001@23d2a7e8]" name="teardown" is-config="true" duration-ms="465" started-at="2022-03-04T19:04:23 PST" finished-at="2022-03-04T19:04:24 PST">
          <reporter-output>
          </reporter-output>
        </test-method> <!-- teardown -->
        <test-method status="PASS" signature="AfterSuite()[pri:0, instance:com.inetbanking.testCases.LoginTest_001@23d2a7e8]" name="AfterSuite" is-config="true" duration-ms="946" started-at="2022-03-04T19:04:24 PST" finished-at="2022-03-04T19:04:25 PST">
          <reporter-output>
          </reporter-output>
        </test-method> <!-- AfterSuite -->
      </class> <!-- com.inetbanking.testCases.LoginTest_001 -->
    </test> <!-- BankingApp Test -->
  </suite> <!-- InetBankingV1 -->
</testng-results>
